<?xml version="1.0" encoding="UTF-8"?>
<!-- Generated by org.testng.reporters.JUnitReportReporter -->
<testsuite hostname="DESKTOP-JGP7MVT" failures="0" tests="1" name="Testcases.VerifyCurrencyDropdown" time="11.024" errors="0" timestamp="2022-10-03T13:08:09 IST" skipped="0">
  <testcase classname="Testcases.VerifyCurrencyDropdown" name="CurrencyDropdown" time="11.024"/>
  <system-out/>
</testsuite> <!-- Testcases.VerifyCurrencyDropdown -->
