<?xml version="1.0" encoding="UTF-8"?>
<!-- Generated by org.testng.reporters.JUnitReportReporter -->
<testsuite hostname="DESKTOP-JGP7MVT" failures="0" tests="1" name="Testcases.VerifyHeaderMenu" time="19.287" errors="0" timestamp="2022-09-30T10:59:18 IST" skipped="0">
  <testcase classname="Testcases.VerifyHeaderMenu" name="HeaderMenu" time="19.287"/>
  <system-out/>
</testsuite> <!-- Testcases.VerifyHeaderMenu -->
