<?xml version="1.0" encoding="UTF-8"?>
<!-- Generated by org.testng.reporters.JUnitReportReporter -->
<testsuite hostname="DESKTOP-JGP7MVT" failures="0" tests="1" name="Testcases.VerifyHeaderTabs" time="7.987" errors="0" timestamp="2022-10-02T20:06:17 IST" skipped="0">
  <testcase classname="Testcases.VerifyHeaderTabs" name="HeaderTabs" time="7.987"/>
  <system-out/>
</testsuite> <!-- Testcases.VerifyHeaderTabs -->
