<?xml version="1.0" encoding="UTF-8"?>
<!-- Generated by org.testng.reporters.JUnitReportReporter -->
<testsuite hostname="DESKTOP-JGP7MVT" failures="0" tests="1" name="Testcases.VerifySignupPage" time="11.867" errors="0" timestamp="2022-10-02T11:32:41 IST" skipped="0">
  <testcase classname="Testcases.VerifySignupPage" name="Register" time="11.867"/>
  <system-out/>
</testsuite> <!-- Testcases.VerifySignupPage -->
