<?xml version="1.0" encoding="UTF-8"?>
<!-- Generated by org.testng.reporters.JUnitReportReporter -->
<testsuite hostname="DESKTOP-JGP7MVT" failures="0" tests="1" name="Testcases.VerifyPriceProducts" time="16.227" errors="0" timestamp="2022-09-22T23:05:38 IST" skipped="0">
  <testcase classname="Testcases.VerifyPriceProducts" name="Priceproducts" time="16.227"/>
  <system-out/>
</testsuite> <!-- Testcases.VerifyPriceProducts -->
