<?xml version="1.0" encoding="UTF-8"?>
<!-- Generated by org.testng.reporters.JUnitReportReporter -->
<testsuite hostname="DESKTOP-JGP7MVT" failures="0" tests="1" name="Testcases.VerifyBrokenLink" time="22.354" errors="0" timestamp="2022-10-02T12:58:17 IST" skipped="0">
  <testcase classname="Testcases.VerifyBrokenLink" name="BrokenLink" time="22.354"/>
  <system-out/>
</testsuite> <!-- Testcases.VerifyBrokenLink -->
